2025-08-05 18:36:03,147 - INFO - Запуск полного парсера для топ-250 застройщиков
2025-08-05 18:36:03,147 - INFO - Начинаем парсинг топ-250 застройщиков...
2025-08-05 18:36:03,147 - INFO - Парсинг страницы 1: https://erzrf.ru/top-zastroyshchikov/rf?regionKey=0&topType=0&date=250801&page=1
2025-08-05 18:36:04,869 - INFO - #1: ГК Самолет (Москва)
2025-08-05 18:36:04,869 - INFO - #2: ПИК (Москва)
2025-08-05 18:36:04,869 - INFO - #3: ГК ТОЧНО (Краснодарский край)
2025-08-05 18:36:04,870 - INFO - #4: DOGMA (Краснодарский край)
2025-08-05 18:36:04,870 - INFO - #5: ГК ФСК (Москва)
2025-08-05 18:36:04,870 - INFO - #6: Группа ЛСР (Санкт-Петербург)
2025-08-05 18:36:04,870 - INFO - #7: Брусника (Свердловская область)
2025-08-05 18:36:04,870 - INFO - #8: ГК ССК (Краснодарский край)
2025-08-05 18:36:04,870 - INFO - #9: ГК ЮгСтройИнвест (Ставропольский край)
2025-08-05 18:36:04,870 - INFO - #10: Холдинг Setl Group (Санкт-Петербург)
2025-08-05 18:36:04,870 - INFO - #11: ГК Страна Девелопмент (Тюменская область)
2025-08-05 18:36:04,870 - INFO - #12: Группа Эталон (Москва)
2025-08-05 18:36:04,870 - INFO - #13: ГК А101 (Москва)
2025-08-05 18:36:04,870 - INFO - #14: MR Group (Москва)
2025-08-05 18:36:04,870 - INFO - #15: ГК Гранель (Москва)
2025-08-05 18:36:04,870 - INFO - #16: ДОНСТРОЙ (Москва)
2025-08-05 18:36:04,870 - INFO - #17: Талан (Удмуртская Республика)
2025-08-05 18:36:04,870 - INFO - #18: Level Group (Москва)
2025-08-05 18:36:04,870 - INFO - #19: ГК Развитие (Воронежская область)
2025-08-05 18:36:04,870 - INFO - #20: ГК Расцветай (Новосибирская область)
2025-08-05 18:36:04,870 - INFO - На странице 1 найдено 20 компаний
2025-08-05 18:36:05,871 - INFO - Парсинг страницы 2: https://erzrf.ru/top-zastroyshchikov/rf?regionKey=0&topType=0&date=250801&page=2
2025-08-05 18:36:06,690 - INFO - На странице 2 найдено 0 компаний
2025-08-05 18:36:06,690 - INFO - Больше компаний не найдено
2025-08-05 18:36:06,690 - INFO - Всего найдено 20 компаний
2025-08-05 18:36:06,690 - INFO - Получен список из 20 компаний
2025-08-05 18:36:06,690 - INFO - Сохранение 20 записей в basic_companies_list_complete.csv
2025-08-05 18:36:06,690 - INFO - Данные сохранены в basic_companies_list_complete.csv
2025-08-05 18:36:06,690 - INFO - Начинаем парсинг детальной информации...
2025-08-05 18:36:06,690 - INFO - Обрабатываем 1/20: ГК Самолет
2025-08-05 18:36:06,690 - INFO - Парсинг профиля: ГК Самолет
2025-08-05 18:36:08,739 - INFO - Обрабатываем 2/20: ПИК
2025-08-05 18:36:08,739 - INFO - Парсинг профиля: ПИК
2025-08-05 18:36:10,784 - INFO - Обрабатываем 3/20: ГК ТОЧНО
2025-08-05 18:36:10,784 - INFO - Парсинг профиля: ГК ТОЧНО
2025-08-05 18:36:12,832 - INFO - Обрабатываем 4/20: DOGMA
2025-08-05 18:36:12,833 - INFO - Парсинг профиля: DOGMA
2025-08-05 18:36:14,877 - INFO - Обрабатываем 5/20: ГК ФСК
2025-08-05 18:36:14,877 - INFO - Парсинг профиля: ГК ФСК
2025-08-05 18:36:16,935 - INFO - Обрабатываем 6/20: Группа ЛСР
2025-08-05 18:36:16,935 - INFO - Парсинг профиля: Группа ЛСР
2025-08-05 18:36:18,994 - INFO - Обрабатываем 7/20: Брусника
2025-08-05 18:36:18,995 - INFO - Парсинг профиля: Брусника
2025-08-05 18:36:21,095 - INFO - Обрабатываем 8/20: ГК ССК
2025-08-05 18:36:21,096 - INFO - Парсинг профиля: ГК ССК
2025-08-05 18:36:23,144 - INFO - Обрабатываем 9/20: ГК ЮгСтройИнвест
2025-08-05 18:36:23,145 - INFO - Парсинг профиля: ГК ЮгСтройИнвест
2025-08-05 18:36:25,190 - INFO - Обрабатываем 10/20: Холдинг Setl Group
2025-08-05 18:36:25,190 - INFO - Парсинг профиля: Холдинг Setl Group
2025-08-05 18:36:27,241 - INFO - Обрабатываем 11/20: ГК Страна Девелопмент
2025-08-05 18:36:27,242 - INFO - Парсинг профиля: ГК Страна Девелопмент
2025-08-05 18:36:29,288 - INFO - Обрабатываем 12/20: Группа Эталон
2025-08-05 18:36:29,288 - INFO - Парсинг профиля: Группа Эталон
2025-08-05 18:36:31,342 - INFO - Обрабатываем 13/20: ГК А101
2025-08-05 18:36:31,342 - INFO - Парсинг профиля: ГК А101
2025-08-05 18:36:33,396 - INFO - Обрабатываем 14/20: MR Group
2025-08-05 18:36:33,396 - INFO - Парсинг профиля: MR Group
2025-08-05 18:36:35,074 - INFO - Обрабатываем 15/20: ГК Гранель
2025-08-05 18:36:35,075 - INFO - Парсинг профиля: ГК Гранель
2025-08-05 18:36:37,125 - INFO - Обрабатываем 16/20: ДОНСТРОЙ
2025-08-05 18:36:37,125 - INFO - Парсинг профиля: ДОНСТРОЙ
2025-08-05 18:36:39,171 - INFO - Обрабатываем 17/20: Талан
2025-08-05 18:36:39,171 - INFO - Парсинг профиля: Талан
2025-08-05 18:36:41,227 - INFO - Обрабатываем 18/20: Level Group
2025-08-05 18:36:41,227 - INFO - Парсинг профиля: Level Group
2025-08-05 18:36:43,282 - INFO - Обрабатываем 19/20: ГК Развитие
2025-08-05 18:36:43,282 - INFO - Парсинг профиля: ГК Развитие
2025-08-05 18:36:45,347 - INFO - Обрабатываем 20/20: ГК Расцветай
2025-08-05 18:36:45,348 - INFO - Парсинг профиля: ГК Расцветай
2025-08-05 18:36:47,401 - INFO - Сохранение 20 записей в top_250_zastroyshchiki_complete.csv
2025-08-05 18:36:47,402 - INFO - Данные сохранены в top_250_zastroyshchiki_complete.csv
2025-08-05 18:36:47,402 - INFO - Парсинг успешно завершен!
