2025-08-05 18:40:47,972 - INFO - Запуск финального парсера v2 для топ-250 застройщиков
2025-08-05 18:40:47,972 - INFO - Начинаем парсинг топ-250 застройщиков...
2025-08-05 18:40:47,972 - INFO - Парсинг страницы 1: https://erzrf.ru/top-zastroyshchikov/rf?regionKey=0&topType=0&date=250801&page=1
2025-08-05 18:40:48,746 - INFO - #1: ГК Самолет (Москва)
2025-08-05 18:40:48,746 - INFO - #2: ПИК (Москва)
2025-08-05 18:40:48,746 - INFO - #3: ГК ТОЧНО (Краснодарский край)
2025-08-05 18:40:48,746 - INFO - #4: DOGMA (Краснодарский край)
2025-08-05 18:40:48,746 - INFO - #5: ГК ФСК (Москва)
2025-08-05 18:40:48,746 - INFO - #6: Группа ЛСР (Санкт-Петербург)
2025-08-05 18:40:48,746 - INFO - #7: Брусника (Свердловская область)
2025-08-05 18:40:48,747 - INFO - #8: ГК ССК (Краснодарский край)
2025-08-05 18:40:48,747 - INFO - #9: ГК ЮгСтройИнвест (Ставропольский край)
2025-08-05 18:40:48,747 - INFO - #10: Холдинг Setl Group (Санкт-Петербург)
2025-08-05 18:40:48,747 - INFO - #11: ГК Страна Девелопмент (Тюменская область)
2025-08-05 18:40:48,747 - INFO - #12: Группа Эталон (Москва)
2025-08-05 18:40:48,747 - INFO - #13: ГК А101 (Москва)
2025-08-05 18:40:48,747 - INFO - #14: MR Group (Москва)
2025-08-05 18:40:48,747 - INFO - #15: ГК Гранель (Москва)
2025-08-05 18:40:48,747 - INFO - #16: ДОНСТРОЙ (Москва)
2025-08-05 18:40:48,747 - INFO - #17: Талан (Удмуртская Республика)
2025-08-05 18:40:48,747 - INFO - #18: Level Group (Москва)
2025-08-05 18:40:48,747 - INFO - #19: ГК Развитие (Воронежская область)
2025-08-05 18:40:48,747 - INFO - #20: ГК Расцветай (Новосибирская область)
2025-08-05 18:40:48,747 - INFO - На странице 1 найдено 20 новых компаний
2025-08-05 18:40:49,747 - INFO - Парсинг страницы 2: https://erzrf.ru/top-zastroyshchikov/rf?regionKey=0&topType=0&date=250801&page=2
2025-08-05 18:40:50,151 - INFO - На странице 2 найдено 0 новых компаний
2025-08-05 18:40:50,151 - INFO - Больше новых компаний не найдено
2025-08-05 18:40:50,151 - INFO - Всего найдено 20 уникальных компаний
2025-08-05 18:40:50,151 - INFO - Получен список из 20 компаний
2025-08-05 18:40:50,151 - INFO - Сохранение 20 записей в basic_companies_list_final_v2.csv
2025-08-05 18:40:50,151 - INFO - Данные сохранены в basic_companies_list_final_v2.csv
2025-08-05 18:40:50,151 - INFO - Начинаем парсинг детальной информации...
2025-08-05 18:40:50,151 - INFO - Обрабатываем 1/20: ГК Самолет
2025-08-05 18:40:50,151 - INFO - Парсинг профиля: ГК Самолет
2025-08-05 18:40:50,341 - INFO - Найдены соцсети: ['https://t.me/+kf4d9SlCRpRiMGQy']
2025-08-05 18:40:51,842 - INFO - Обрабатываем 2/20: ПИК
2025-08-05 18:40:51,842 - INFO - Парсинг профиля: ПИК
2025-08-05 18:40:52,029 - INFO - Найдены соцсети: ['https://t.me/+kf4d9SlCRpRiMGQy']
2025-08-05 18:40:53,530 - INFO - Обрабатываем 3/20: ГК ТОЧНО
2025-08-05 18:40:53,530 - INFO - Парсинг профиля: ГК ТОЧНО
2025-08-05 18:40:53,720 - INFO - Найдены соцсети: ['https://t.me/+kf4d9SlCRpRiMGQy']
2025-08-05 18:40:55,220 - INFO - Обрабатываем 4/20: DOGMA
2025-08-05 18:40:55,221 - INFO - Парсинг профиля: DOGMA
2025-08-05 18:40:55,408 - INFO - Найдены соцсети: ['https://t.me/+kf4d9SlCRpRiMGQy']
2025-08-05 18:40:56,908 - INFO - Обрабатываем 5/20: ГК ФСК
2025-08-05 18:40:56,908 - INFO - Парсинг профиля: ГК ФСК
2025-08-05 18:40:57,096 - INFO - Найдены соцсети: ['https://t.me/+kf4d9SlCRpRiMGQy']
2025-08-05 18:40:58,597 - INFO - Обрабатываем 6/20: Группа ЛСР
2025-08-05 18:40:58,597 - INFO - Парсинг профиля: Группа ЛСР
2025-08-05 18:40:58,785 - INFO - Найдены соцсети: ['https://t.me/+kf4d9SlCRpRiMGQy']
2025-08-05 18:41:00,286 - INFO - Обрабатываем 7/20: Брусника
2025-08-05 18:41:00,286 - INFO - Парсинг профиля: Брусника
2025-08-05 18:41:00,473 - INFO - Найдены соцсети: ['https://t.me/+kf4d9SlCRpRiMGQy']
2025-08-05 18:41:01,974 - INFO - Обрабатываем 8/20: ГК ССК
2025-08-05 18:41:01,974 - INFO - Парсинг профиля: ГК ССК
2025-08-05 18:41:02,160 - INFO - Найдены соцсети: ['https://t.me/+kf4d9SlCRpRiMGQy']
2025-08-05 18:41:03,660 - INFO - Обрабатываем 9/20: ГК ЮгСтройИнвест
2025-08-05 18:41:03,661 - INFO - Парсинг профиля: ГК ЮгСтройИнвест
2025-08-05 18:41:03,848 - INFO - Найдены соцсети: ['https://t.me/+kf4d9SlCRpRiMGQy']
2025-08-05 18:41:05,349 - INFO - Обрабатываем 10/20: Холдинг Setl Group
2025-08-05 18:41:05,349 - INFO - Парсинг профиля: Холдинг Setl Group
2025-08-05 18:41:05,536 - INFO - Найдены соцсети: ['https://t.me/+kf4d9SlCRpRiMGQy']
2025-08-05 18:41:07,037 - INFO - Обрабатываем 11/20: ГК Страна Девелопмент
2025-08-05 18:41:07,037 - INFO - Парсинг профиля: ГК Страна Девелопмент
2025-08-05 18:41:07,224 - INFO - Найдены соцсети: ['https://t.me/+kf4d9SlCRpRiMGQy']
2025-08-05 18:41:08,725 - INFO - Обрабатываем 12/20: Группа Эталон
2025-08-05 18:41:08,725 - INFO - Парсинг профиля: Группа Эталон
2025-08-05 18:41:08,918 - INFO - Найдены соцсети: ['https://t.me/+kf4d9SlCRpRiMGQy']
2025-08-05 18:41:10,418 - INFO - Обрабатываем 13/20: ГК А101
2025-08-05 18:41:10,418 - INFO - Парсинг профиля: ГК А101
2025-08-05 18:41:10,607 - INFO - Найдены соцсети: ['https://t.me/+kf4d9SlCRpRiMGQy']
2025-08-05 18:41:12,107 - INFO - Обрабатываем 14/20: MR Group
2025-08-05 18:41:12,107 - INFO - Парсинг профиля: MR Group
2025-08-05 18:41:12,294 - INFO - Найдены соцсети: ['https://t.me/+kf4d9SlCRpRiMGQy']
2025-08-05 18:41:13,794 - INFO - Обрабатываем 15/20: ГК Гранель
2025-08-05 18:41:13,795 - INFO - Парсинг профиля: ГК Гранель
2025-08-05 18:41:13,983 - INFO - Найдены соцсети: ['https://t.me/+kf4d9SlCRpRiMGQy']
2025-08-05 18:41:15,483 - INFO - Обрабатываем 16/20: ДОНСТРОЙ
2025-08-05 18:41:15,483 - INFO - Парсинг профиля: ДОНСТРОЙ
2025-08-05 18:41:15,681 - INFO - Найдены соцсети: ['https://t.me/+kf4d9SlCRpRiMGQy']
2025-08-05 18:41:17,181 - INFO - Обрабатываем 17/20: Талан
2025-08-05 18:41:17,182 - INFO - Парсинг профиля: Талан
2025-08-05 18:41:17,371 - INFO - Найдены соцсети: ['https://t.me/+kf4d9SlCRpRiMGQy']
2025-08-05 18:41:18,871 - INFO - Обрабатываем 18/20: Level Group
2025-08-05 18:41:18,871 - INFO - Парсинг профиля: Level Group
2025-08-05 18:41:19,060 - INFO - Найдены соцсети: ['https://t.me/+kf4d9SlCRpRiMGQy']
2025-08-05 18:41:20,560 - INFO - Обрабатываем 19/20: ГК Развитие
2025-08-05 18:41:20,560 - INFO - Парсинг профиля: ГК Развитие
2025-08-05 18:41:20,750 - INFO - Найдены соцсети: ['https://t.me/+kf4d9SlCRpRiMGQy']
2025-08-05 18:41:22,250 - INFO - Обрабатываем 20/20: ГК Расцветай
2025-08-05 18:41:22,251 - INFO - Парсинг профиля: ГК Расцветай
2025-08-05 18:41:22,442 - INFO - Найдены соцсети: ['https://t.me/+kf4d9SlCRpRiMGQy']
2025-08-05 18:41:23,942 - INFO - Сохранение 20 записей в top_250_zastroyshchiki_final_v2.csv
2025-08-05 18:41:23,943 - INFO - Данные сохранены в top_250_zastroyshchiki_final_v2.csv
2025-08-05 18:41:23,943 - INFO - Парсинг успешно завершен!
