2025-08-05 18:38:00,352 - INFO - Запуск улучшенного парсера для топ-250 застройщиков
2025-08-05 18:38:00,352 - INFO - Начинаем парсинг топ-250 застройщиков...
2025-08-05 18:38:00,352 - INFO - Парсинг страницы 1: https://erzrf.ru/top-zastroyshchikov/rf?regionKey=0&topType=0&date=250801&page=1
2025-08-05 18:38:01,327 - INFO - #1: ГК Самолет (Москва)
2025-08-05 18:38:01,327 - INFO - #2: ПИК (Москва)
2025-08-05 18:38:01,327 - INFO - #3: ГК ТОЧНО (Краснодарский край)
2025-08-05 18:38:01,327 - INFO - #4: DOGMA (Краснодарский край)
2025-08-05 18:38:01,328 - INFO - #5: ГК ФСК (Москва)
2025-08-05 18:38:01,328 - INFO - #6: Группа ЛСР (Санкт-Петербург)
2025-08-05 18:38:01,328 - INFO - #7: Брусника (Свердловская область)
2025-08-05 18:38:01,328 - INFO - #8: ГК ССК (Краснодарский край)
2025-08-05 18:38:01,328 - INFO - #9: ГК ЮгСтройИнвест (Ставропольский край)
2025-08-05 18:38:01,328 - INFO - #10: Холдинг Setl Group (Санкт-Петербург)
2025-08-05 18:38:01,328 - INFO - #11: ГК Страна Девелопмент (Тюменская область)
2025-08-05 18:38:01,328 - INFO - #12: Группа Эталон (Москва)
2025-08-05 18:38:01,328 - INFO - #13: ГК А101 (Москва)
2025-08-05 18:38:01,328 - INFO - #14: MR Group (Москва)
2025-08-05 18:38:01,328 - INFO - #15: ГК Гранель (Москва)
2025-08-05 18:38:01,328 - INFO - #16: ДОНСТРОЙ (Москва)
2025-08-05 18:38:01,328 - INFO - #17: Талан (Удмуртская Республика)
2025-08-05 18:38:01,328 - INFO - #18: Level Group (Москва)
2025-08-05 18:38:01,328 - INFO - #19: ГК Развитие (Воронежская область)
2025-08-05 18:38:01,328 - INFO - #20: ГК Расцветай (Новосибирская область)
2025-08-05 18:38:01,328 - INFO - На странице 1 найдено 20 компаний
2025-08-05 18:38:02,329 - INFO - Парсинг страницы 2: https://erzrf.ru/top-zastroyshchikov/rf?regionKey=0&topType=0&date=250801&page=2
2025-08-05 18:38:02,734 - INFO - На странице 2 найдено 0 компаний
2025-08-05 18:38:02,734 - INFO - Больше компаний не найдено
2025-08-05 18:38:02,734 - INFO - Всего найдено 20 компаний
2025-08-05 18:38:02,734 - INFO - Получен список из 20 компаний
2025-08-05 18:38:02,734 - INFO - Сохранение 20 записей в basic_companies_list_improved.csv
2025-08-05 18:38:02,734 - INFO - Данные сохранены в basic_companies_list_improved.csv
2025-08-05 18:38:02,734 - INFO - Начинаем парсинг детальной информации...
2025-08-05 18:38:02,734 - INFO - Обрабатываем 1/20: ГК Самолет
2025-08-05 18:38:02,734 - INFO - Парсинг профиля: ГК Самолет
2025-08-05 18:38:02,922 - INFO - Найдены соцсети: ['https://t.me/+kf4d9SlCRpRiMGQy']
2025-08-05 18:38:04,423 - INFO - Обрабатываем 2/20: ПИК
2025-08-05 18:38:04,423 - INFO - Парсинг профиля: ПИК
2025-08-05 18:38:04,611 - INFO - Найдены соцсети: ['https://t.me/+kf4d9SlCRpRiMGQy']
2025-08-05 18:38:06,112 - INFO - Обрабатываем 3/20: ГК ТОЧНО
2025-08-05 18:38:06,112 - INFO - Парсинг профиля: ГК ТОЧНО
2025-08-05 18:38:06,301 - INFO - Найдены соцсети: ['https://t.me/+kf4d9SlCRpRiMGQy']
2025-08-05 18:38:07,802 - INFO - Обрабатываем 4/20: DOGMA
2025-08-05 18:38:07,802 - INFO - Парсинг профиля: DOGMA
2025-08-05 18:38:07,990 - INFO - Найдены соцсети: ['https://t.me/+kf4d9SlCRpRiMGQy']
2025-08-05 18:38:09,490 - INFO - Обрабатываем 5/20: ГК ФСК
2025-08-05 18:38:09,491 - INFO - Парсинг профиля: ГК ФСК
2025-08-05 18:38:09,679 - INFO - Найдены соцсети: ['https://t.me/+kf4d9SlCRpRiMGQy']
2025-08-05 18:38:11,179 - INFO - Обрабатываем 6/20: Группа ЛСР
2025-08-05 18:38:11,179 - INFO - Парсинг профиля: Группа ЛСР
2025-08-05 18:38:11,369 - INFO - Найдены соцсети: ['https://t.me/+kf4d9SlCRpRiMGQy']
2025-08-05 18:38:12,869 - INFO - Обрабатываем 7/20: Брусника
2025-08-05 18:38:12,870 - INFO - Парсинг профиля: Брусника
2025-08-05 18:38:13,058 - INFO - Найдены соцсети: ['https://t.me/+kf4d9SlCRpRiMGQy']
2025-08-05 18:38:14,559 - INFO - Обрабатываем 8/20: ГК ССК
2025-08-05 18:38:14,559 - INFO - Парсинг профиля: ГК ССК
2025-08-05 18:38:14,747 - INFO - Найдены соцсети: ['https://t.me/+kf4d9SlCRpRiMGQy']
2025-08-05 18:38:16,247 - INFO - Обрабатываем 9/20: ГК ЮгСтройИнвест
2025-08-05 18:38:16,247 - INFO - Парсинг профиля: ГК ЮгСтройИнвест
2025-08-05 18:38:16,439 - INFO - Найдены соцсети: ['https://t.me/+kf4d9SlCRpRiMGQy']
2025-08-05 18:38:17,940 - INFO - Обрабатываем 10/20: Холдинг Setl Group
2025-08-05 18:38:17,940 - INFO - Парсинг профиля: Холдинг Setl Group
2025-08-05 18:38:18,126 - INFO - Найдены соцсети: ['https://t.me/+kf4d9SlCRpRiMGQy']
2025-08-05 18:38:19,626 - INFO - Обрабатываем 11/20: ГК Страна Девелопмент
2025-08-05 18:38:19,627 - INFO - Парсинг профиля: ГК Страна Девелопмент
2025-08-05 18:38:19,814 - INFO - Найдены соцсети: ['https://t.me/+kf4d9SlCRpRiMGQy']
2025-08-05 18:38:21,315 - INFO - Обрабатываем 12/20: Группа Эталон
2025-08-05 18:38:21,315 - INFO - Парсинг профиля: Группа Эталон
2025-08-05 18:38:21,508 - INFO - Найдены соцсети: ['https://t.me/+kf4d9SlCRpRiMGQy']
2025-08-05 18:38:23,009 - INFO - Обрабатываем 13/20: ГК А101
2025-08-05 18:38:23,009 - INFO - Парсинг профиля: ГК А101
2025-08-05 18:38:23,198 - INFO - Найдены соцсети: ['https://t.me/+kf4d9SlCRpRiMGQy']
2025-08-05 18:38:24,698 - INFO - Обрабатываем 14/20: MR Group
2025-08-05 18:38:24,699 - INFO - Парсинг профиля: MR Group
2025-08-05 18:38:24,888 - INFO - Найдены соцсети: ['https://t.me/+kf4d9SlCRpRiMGQy']
2025-08-05 18:38:26,388 - INFO - Обрабатываем 15/20: ГК Гранель
2025-08-05 18:38:26,388 - INFO - Парсинг профиля: ГК Гранель
2025-08-05 18:38:26,580 - INFO - Найдены соцсети: ['https://t.me/+kf4d9SlCRpRiMGQy']
2025-08-05 18:38:28,080 - INFO - Обрабатываем 16/20: ДОНСТРОЙ
2025-08-05 18:38:28,080 - INFO - Парсинг профиля: ДОНСТРОЙ
2025-08-05 18:38:28,268 - INFO - Найдены соцсети: ['https://t.me/+kf4d9SlCRpRiMGQy']
2025-08-05 18:38:29,768 - INFO - Обрабатываем 17/20: Талан
2025-08-05 18:38:29,768 - INFO - Парсинг профиля: Талан
2025-08-05 18:38:29,958 - INFO - Найдены соцсети: ['https://t.me/+kf4d9SlCRpRiMGQy']
2025-08-05 18:38:31,458 - INFO - Обрабатываем 18/20: Level Group
2025-08-05 18:38:31,459 - INFO - Парсинг профиля: Level Group
2025-08-05 18:38:31,648 - INFO - Найдены соцсети: ['https://t.me/+kf4d9SlCRpRiMGQy']
2025-08-05 18:38:33,148 - INFO - Обрабатываем 19/20: ГК Развитие
2025-08-05 18:38:33,148 - INFO - Парсинг профиля: ГК Развитие
2025-08-05 18:38:33,338 - INFO - Найдены соцсети: ['https://t.me/+kf4d9SlCRpRiMGQy']
2025-08-05 18:38:34,838 - INFO - Обрабатываем 20/20: ГК Расцветай
2025-08-05 18:38:34,838 - INFO - Парсинг профиля: ГК Расцветай
2025-08-05 18:38:35,026 - INFO - Найдены соцсети: ['https://t.me/+kf4d9SlCRpRiMGQy']
2025-08-05 18:38:36,527 - INFO - Сохранение 20 записей в top_250_zastroyshchiki_improved.csv
2025-08-05 18:38:36,527 - INFO - Данные сохранены в top_250_zastroyshchiki_improved.csv
2025-08-05 18:38:36,527 - INFO - Парсинг успешно завершен!
