2025-08-03 17:23:34,997 - INFO - Запуск финального парсера для топ-250 застройщиков
2025-08-03 17:23:34,997 - INFO - Начинаем парсинг основной страницы...
2025-08-03 17:23:35,775 - INFO - #1: ГК Самолет (Москва)
2025-08-03 17:23:35,776 - INFO - #2: ПИК (Москва)
2025-08-03 17:23:35,776 - INFO - #3: ГК ТОЧНО (Краснодарский край)
2025-08-03 17:23:35,776 - INFO - #4: DOGMA (Краснодарский край)
2025-08-03 17:23:35,776 - INFO - #5: ГК ФСК (Москва)
2025-08-03 17:23:35,776 - INFO - #6: Группа ЛСР (Санкт-Петербург)
2025-08-03 17:23:35,776 - INFO - #7: Брусника (Свердловская область)
2025-08-03 17:23:35,776 - INFO - #8: ГК ССК (Краснодарский край)
2025-08-03 17:23:35,776 - INFO - #9: ГК ЮгСтройИнвест (Ставропольский край)
2025-08-03 17:23:35,776 - INFO - #10: Холдинг Setl Group (Санкт-Петербург)
2025-08-03 17:23:35,776 - INFO - #11: ГК Страна Девелопмент (Тюменская область)
2025-08-03 17:23:35,776 - INFO - #12: Группа Эталон (Москва)
2025-08-03 17:23:35,776 - INFO - #13: ГК А101 (Москва)
2025-08-03 17:23:35,776 - INFO - #14: MR Group (Москва)
2025-08-03 17:23:35,776 - INFO - #15: ГК Гранель (Москва)
2025-08-03 17:23:35,776 - INFO - #16: ДОНСТРОЙ (Москва)
2025-08-03 17:23:35,777 - INFO - #17: Талан (Удмуртская Республика)
2025-08-03 17:23:35,777 - INFO - #18: Level Group (Москва)
2025-08-03 17:23:35,777 - INFO - #19: ГК Развитие (Воронежская область)
2025-08-03 17:23:35,777 - INFO - #20: ГК Расцветай (Новосибирская область)
2025-08-03 17:23:35,777 - INFO - Найдено 20 компаний на основной странице
2025-08-03 17:23:35,777 - INFO - Получен список из 20 компаний
2025-08-03 17:23:35,777 - INFO - Сохранение 20 записей в basic_companies_list.csv
2025-08-03 17:23:35,777 - INFO - Данные сохранены в basic_companies_list.csv
2025-08-03 17:23:35,777 - INFO - Начинаем парсинг детальной информации...
2025-08-03 17:23:35,777 - INFO - Обрабатываем 1/20: ГК Самолет
2025-08-03 17:23:35,777 - INFO - Парсинг профиля: ГК Самолет
2025-08-03 17:23:37,466 - INFO - Обрабатываем 2/20: ПИК
2025-08-03 17:23:37,466 - INFO - Парсинг профиля: ПИК
2025-08-03 17:23:39,158 - INFO - Обрабатываем 3/20: ГК ТОЧНО
2025-08-03 17:23:39,158 - INFO - Парсинг профиля: ГК ТОЧНО
2025-08-03 17:23:40,845 - INFO - Обрабатываем 4/20: DOGMA
2025-08-03 17:23:40,845 - INFO - Парсинг профиля: DOGMA
2025-08-03 17:23:42,533 - INFO - Обрабатываем 5/20: ГК ФСК
2025-08-03 17:23:42,533 - INFO - Парсинг профиля: ГК ФСК
2025-08-03 17:23:44,221 - INFO - Обрабатываем 6/20: Группа ЛСР
2025-08-03 17:23:44,221 - INFO - Парсинг профиля: Группа ЛСР
2025-08-03 17:23:45,908 - INFO - Обрабатываем 7/20: Брусника
2025-08-03 17:23:45,908 - INFO - Парсинг профиля: Брусника
2025-08-03 17:23:47,594 - INFO - Обрабатываем 8/20: ГК ССК
2025-08-03 17:23:47,594 - INFO - Парсинг профиля: ГК ССК
2025-08-03 17:23:49,284 - INFO - Обрабатываем 9/20: ГК ЮгСтройИнвест
2025-08-03 17:23:49,284 - INFO - Парсинг профиля: ГК ЮгСтройИнвест
2025-08-03 17:23:51,695 - INFO - Обрабатываем 10/20: Холдинг Setl Group
2025-08-03 17:23:51,696 - INFO - Парсинг профиля: Холдинг Setl Group
2025-08-03 17:23:53,383 - INFO - Обрабатываем 11/20: ГК Страна Девелопмент
2025-08-03 17:23:53,383 - INFO - Парсинг профиля: ГК Страна Девелопмент
2025-08-03 17:23:55,069 - INFO - Обрабатываем 12/20: Группа Эталон
2025-08-03 17:23:55,069 - INFO - Парсинг профиля: Группа Эталон
2025-08-03 17:23:56,756 - INFO - Обрабатываем 13/20: ГК А101
2025-08-03 17:23:56,756 - INFO - Парсинг профиля: ГК А101
2025-08-03 17:23:58,443 - INFO - Обрабатываем 14/20: MR Group
2025-08-03 17:23:58,443 - INFO - Парсинг профиля: MR Group
2025-08-03 17:24:00,132 - INFO - Обрабатываем 15/20: ГК Гранель
2025-08-03 17:24:00,132 - INFO - Парсинг профиля: ГК Гранель
2025-08-03 17:24:01,820 - INFO - Обрабатываем 16/20: ДОНСТРОЙ
2025-08-03 17:24:01,821 - INFO - Парсинг профиля: ДОНСТРОЙ
2025-08-03 17:24:03,507 - INFO - Обрабатываем 17/20: Талан
2025-08-03 17:24:03,507 - INFO - Парсинг профиля: Талан
2025-08-03 17:24:05,195 - INFO - Обрабатываем 18/20: Level Group
2025-08-03 17:24:05,195 - INFO - Парсинг профиля: Level Group
2025-08-03 17:24:06,881 - INFO - Обрабатываем 19/20: ГК Развитие
2025-08-03 17:24:06,881 - INFO - Парсинг профиля: ГК Развитие
2025-08-03 17:24:08,569 - INFO - Обрабатываем 20/20: ГК Расцветай
2025-08-03 17:24:08,569 - INFO - Парсинг профиля: ГК Расцветай
2025-08-03 17:24:10,257 - INFO - Сохранение 20 записей в top_250_zastroyshchiki_final.csv
2025-08-03 17:24:10,257 - INFO - Данные сохранены в top_250_zastroyshchiki_final.csv
2025-08-03 17:24:10,257 - INFO - Парсинг успешно завершен!
