2025-08-05 20:50:29,918 - INFO - Selenium WebDriver успешно инициализирован
2025-08-05 20:50:29,918 - INFO - Запуск исправленного парсера для 40 компаний
2025-08-05 20:50:29,918 - INFO - Парсим страницу 1: https://erzrf.ru/top-zastroyshchikov/rf?regionKey=0&topType=0&date=250801&page=1
2025-08-05 20:50:34,936 - INFO - Найдено 20 компаний на странице 1
2025-08-05 20:50:35,936 - INFO - Парсим страницу 2: https://erzrf.ru/top-zastroyshchikov/rf?regionKey=0&topType=0&date=250801&page=2
2025-08-05 20:50:39,909 - INFO - Найдено 20 компаний на странице 2
2025-08-05 20:50:40,909 - INFO - Собрано 40 компаний
2025-08-05 20:50:40,909 - INFO - Сохранение 40 записей в basic_companies_fixed.csv
2025-08-05 20:50:40,910 - INFO - Данные сохранены в basic_companies_fixed.csv
2025-08-05 20:50:40,910 - INFO - Начинаем парсинг детальной информации...
2025-08-05 20:50:40,910 - INFO - Обрабатываем 1/40: ГК Самолет
2025-08-05 20:50:40,910 - INFO - Парсим детали компании: ГК Самолет
2025-08-05 20:50:47,387 - INFO - Найден сайт: http://samolet.ru/
2025-08-05 20:50:47,417 - INFO - Найдены соцсети: 1 шт.
2025-08-05 20:50:49,417 - INFO - Обрабатываем 2/40: ПИК
2025-08-05 20:50:49,417 - INFO - Парсим детали компании: ПИК
2025-08-05 20:50:55,372 - INFO - Найден сайт: http://pik.ru/
2025-08-05 20:50:55,410 - INFO - Найдены соцсети: 2 шт.
2025-08-05 20:50:57,410 - INFO - Обрабатываем 3/40: ГК ТОЧНО
2025-08-05 20:50:57,410 - INFO - Парсим детали компании: ГК ТОЧНО
2025-08-05 20:51:03,831 - INFO - Найден сайт: http://tochno.life/
2025-08-05 20:51:03,870 - INFO - Найдены соцсети: 2 шт.
2025-08-05 20:51:05,870 - INFO - Обрабатываем 4/40: DOGMA
2025-08-05 20:51:05,870 - INFO - Парсим детали компании: DOGMA
2025-08-05 20:51:11,484 - INFO - Найден сайт: http://1dogma.ru/
2025-08-05 20:51:11,502 - INFO - Найдены соцсети: 1 шт.
2025-08-05 20:51:13,502 - INFO - Обрабатываем 5/40: ГК ФСК
2025-08-05 20:51:13,502 - INFO - Парсим детали компании: ГК ФСК
2025-08-05 20:51:19,503 - INFO - Найден сайт: http://fsk.ru/
2025-08-05 20:51:19,528 - INFO - Найдены соцсети: 1 шт.
2025-08-05 20:51:21,528 - INFO - Сохранение 40 записей в partial_fixed_5.csv
2025-08-05 20:51:21,529 - INFO - Данные сохранены в partial_fixed_5.csv
2025-08-05 20:51:21,529 - INFO - Обрабатываем 6/40: Группа ЛСР
2025-08-05 20:51:21,529 - INFO - Парсим детали компании: Группа ЛСР
2025-08-05 20:51:27,491 - INFO - Найден сайт: http://lsrgroup.ru/
2025-08-05 20:51:27,520 - INFO - Найдены соцсети: 2 шт.
2025-08-05 20:51:29,520 - INFO - Обрабатываем 7/40: Брусника
2025-08-05 20:51:29,520 - INFO - Парсим детали компании: Брусника
2025-08-05 20:51:35,145 - INFO - Найден сайт: http://brusnika.ru/
2025-08-05 20:51:35,169 - INFO - Найдены соцсети: 1 шт.
2025-08-05 20:51:37,169 - INFO - Обрабатываем 8/40: ГК ССК
2025-08-05 20:51:37,169 - INFO - Парсим детали компании: ГК ССК
2025-08-05 20:51:43,701 - INFO - Найден сайт: http://sskuban.ru/
2025-08-05 20:51:43,742 - INFO - Найдены соцсети: 2 шт.
2025-08-05 20:51:45,742 - INFO - Обрабатываем 9/40: ГК ЮгСтройИнвест
2025-08-05 20:51:45,743 - INFO - Парсим детали компании: ГК ЮгСтройИнвест
2025-08-05 20:51:51,717 - INFO - Найден сайт: http://gk-usi.ru/
2025-08-05 20:51:51,756 - INFO - Найдены соцсети: 2 шт.
2025-08-05 20:51:53,756 - INFO - Обрабатываем 10/40: Холдинг Setl Group
2025-08-05 20:51:53,756 - INFO - Парсим детали компании: Холдинг Setl Group
2025-08-05 20:51:59,727 - INFO - Найден сайт: http://setlgroup.ru/
2025-08-05 20:51:59,749 - INFO - Найдены соцсети: 1 шт.
2025-08-05 20:52:01,749 - INFO - Сохранение 40 записей в partial_fixed_10.csv
2025-08-05 20:52:01,750 - INFO - Данные сохранены в partial_fixed_10.csv
2025-08-05 20:52:01,750 - INFO - Обрабатываем 11/40: ГК Страна Девелопмент
2025-08-05 20:52:01,750 - INFO - Парсим детали компании: ГК Страна Девелопмент
2025-08-05 20:52:07,942 - INFO - Найден сайт: http://strana.com/
2025-08-05 20:52:07,977 - INFO - Найдены соцсети: 1 шт.
2025-08-05 20:52:09,977 - INFO - Обрабатываем 12/40: Группа Эталон
2025-08-05 20:52:09,977 - INFO - Парсим детали компании: Группа Эталон
2025-08-05 20:52:15,960 - INFO - Найден сайт: http://etalongroup.ru/
2025-08-05 20:52:15,984 - INFO - Найдены соцсети: 1 шт.
2025-08-05 20:52:17,984 - INFO - Обрабатываем 13/40: ГК А101
2025-08-05 20:52:17,984 - INFO - Парсим детали компании: ГК А101
2025-08-05 20:52:27,029 - INFO - Найден сайт: http://a101.ru/
2025-08-05 20:52:27,063 - INFO - Найдены соцсети: 1 шт.
2025-08-05 20:52:29,064 - INFO - Обрабатываем 14/40: MR Group
2025-08-05 20:52:29,064 - INFO - Парсим детали компании: MR Group
2025-08-05 20:52:35,062 - INFO - Найден сайт: http://mr-group.ru/
2025-08-05 20:52:35,093 - INFO - Найдены соцсети: 1 шт.
2025-08-05 20:52:37,093 - INFO - Обрабатываем 15/40: ГК Гранель
2025-08-05 20:52:37,093 - INFO - Парсим детали компании: ГК Гранель
2025-08-05 20:52:43,081 - INFO - Найден сайт: http://granelle.ru/
2025-08-05 20:52:43,100 - INFO - Найдены соцсети: 1 шт.
2025-08-05 20:52:45,100 - INFO - Сохранение 40 записей в partial_fixed_15.csv
2025-08-05 20:52:45,101 - INFO - Данные сохранены в partial_fixed_15.csv
2025-08-05 20:52:45,101 - INFO - Обрабатываем 16/40: ДОНСТРОЙ
2025-08-05 20:52:45,101 - INFO - Парсим детали компании: ДОНСТРОЙ
2025-08-05 20:52:51,059 - INFO - Найден сайт: http://donstroy.moscow/
2025-08-05 20:52:51,091 - INFO - Найдены соцсети: 1 шт.
2025-08-05 20:52:53,091 - INFO - Обрабатываем 17/40: Талан
2025-08-05 20:52:53,091 - INFO - Парсим детали компании: Талан
2025-08-05 20:52:58,681 - INFO - Найден сайт: http://xn--80aa6ajv.xn--p1ai/
2025-08-05 20:52:58,729 - INFO - Найдены соцсети: 2 шт.
2025-08-05 20:53:00,729 - INFO - Обрабатываем 18/40: Level Group
2025-08-05 20:53:00,729 - INFO - Парсим детали компании: Level Group
2025-08-05 20:53:06,679 - INFO - Найден сайт: http://level.ru/
2025-08-05 20:53:06,704 - INFO - Найдены соцсети: 1 шт.
2025-08-05 20:53:08,705 - INFO - Обрабатываем 19/40: ГК Развитие
2025-08-05 20:53:08,705 - INFO - Парсим детали компании: ГК Развитие
2025-08-05 20:53:14,736 - INFO - Найден сайт: http://rzv.ru/
2025-08-05 20:53:14,758 - INFO - Найдены соцсети: 1 шт.
2025-08-05 20:53:16,758 - INFO - Обрабатываем 20/40: ГК Расцветай
2025-08-05 20:53:16,758 - INFO - Парсим детали компании: ГК Расцветай
2025-08-05 20:53:22,770 - INFO - Найден сайт: http://xn--80aafcmzc2ckm5b.xn--p1ai/
2025-08-05 20:53:24,789 - INFO - Сохранение 40 записей в partial_fixed_20.csv
2025-08-05 20:53:24,790 - INFO - Данные сохранены в partial_fixed_20.csv
2025-08-05 20:53:24,790 - INFO - Обрабатываем 21/40: ГК ЭНКО
2025-08-05 20:53:24,790 - INFO - Парсим детали компании: ГК ЭНКО
2025-08-05 20:53:30,763 - INFO - Найден сайт: http://enco72.ru/
2025-08-05 20:53:30,798 - INFO - Найдены соцсети: 2 шт.
2025-08-05 20:53:32,798 - INFO - Обрабатываем 22/40: ГК Glorax
2025-08-05 20:53:32,798 - INFO - Парсим детали компании: ГК Glorax
2025-08-05 20:53:38,768 - INFO - Найден сайт: http://glorax.com/
2025-08-05 20:53:38,784 - INFO - Найдены соцсети: 1 шт.
2025-08-05 20:53:40,784 - INFO - Обрабатываем 23/40: Группа Аквилон
2025-08-05 20:53:40,784 - INFO - Парсим детали компании: Группа Аквилон
2025-08-05 20:53:46,852 - INFO - Найден сайт: http://group-akvilon.ru/
2025-08-05 20:53:46,879 - INFO - Найдены соцсети: 1 шт.
2025-08-05 20:53:48,879 - INFO - Обрабатываем 24/40: ГК НВМ
2025-08-05 20:53:48,880 - INFO - Парсим детали компании: ГК НВМ
2025-08-05 20:53:54,807 - INFO - Найден сайт: http://gk-nvm.ru/
2025-08-05 20:53:56,817 - INFO - Обрабатываем 25/40: ГК АБСОЛЮТ
2025-08-05 20:53:56,817 - INFO - Парсим детали компании: ГК АБСОЛЮТ
2025-08-05 20:54:03,465 - INFO - Найден сайт: http://absrealty.ru/
2025-08-05 20:54:05,479 - INFO - Сохранение 40 записей в partial_fixed_25.csv
2025-08-05 20:54:05,479 - INFO - Данные сохранены в partial_fixed_25.csv
2025-08-05 20:54:05,479 - INFO - Обрабатываем 26/40: TEN Девелопмент
2025-08-05 20:54:05,479 - INFO - Парсим детали компании: TEN Девелопмент
2025-08-05 20:54:11,593 - INFO - Найден сайт: http://ten-stroy.ru/
2025-08-05 20:54:11,618 - INFO - Найдены соцсети: 1 шт.
2025-08-05 20:54:13,618 - INFO - Обрабатываем 27/40: ГК Новый ДОН
2025-08-05 20:54:13,618 - INFO - Парсим детали компании: ГК Новый ДОН
2025-08-05 20:54:19,972 - INFO - Найден сайт: http://newdon.ru/
2025-08-05 20:54:19,995 - INFO - Найдены соцсети: 1 шт.
2025-08-05 20:54:21,995 - INFO - Обрабатываем 28/40: Унистрой
2025-08-05 20:54:21,995 - INFO - Парсим детали компании: Унистрой
2025-08-05 20:54:27,989 - INFO - Найден сайт: http://unistroyrf.ru/
2025-08-05 20:54:28,016 - INFO - Найдены соцсети: 1 шт.
2025-08-05 20:54:30,016 - INFO - Обрабатываем 29/40: ГК АльфаСтройИнвест
2025-08-05 20:54:30,016 - INFO - Парсим детали компании: ГК АльфаСтройИнвест
2025-08-05 20:54:36,020 - INFO - Найден сайт: http://alfastroyinvest.com/
2025-08-05 20:54:36,040 - INFO - Найдены соцсети: 2 шт.
2025-08-05 20:54:38,040 - INFO - Обрабатываем 30/40: Seven Suns Development
2025-08-05 20:54:38,040 - INFO - Парсим детали компании: Seven Suns Development
2025-08-05 20:54:43,993 - INFO - Найден сайт: http://sevensuns.ru/
2025-08-05 20:54:44,015 - INFO - Найдены соцсети: 1 шт.
2025-08-05 20:54:46,016 - INFO - Сохранение 40 записей в partial_fixed_30.csv
2025-08-05 20:54:46,016 - INFO - Данные сохранены в partial_fixed_30.csv
2025-08-05 20:54:46,017 - INFO - Обрабатываем 31/40: ГК Единство
2025-08-05 20:54:46,017 - INFO - Парсим детали компании: ГК Единство
2025-08-05 20:54:52,241 - INFO - Найден сайт: http://edinstvo62.ru/
2025-08-05 20:54:52,293 - INFO - Найдены соцсети: 2 шт.
2025-08-05 20:54:54,293 - INFO - Обрабатываем 32/40: КОМОССТРОЙ®
2025-08-05 20:54:54,294 - INFO - Парсим детали компании: КОМОССТРОЙ®
2025-08-05 20:55:00,292 - INFO - Найден сайт: http://komos-stroy.ru/
2025-08-05 20:55:00,318 - INFO - Найдены соцсети: 1 шт.
2025-08-05 20:55:02,319 - INFO - Обрабатываем 33/40: Sminex
2025-08-05 20:55:02,319 - INFO - Парсим детали компании: Sminex
2025-08-05 20:55:08,300 - INFO - Найден сайт: http://sminex.com/
2025-08-05 20:55:08,324 - INFO - Найдены соцсети: 1 шт.
2025-08-05 20:55:10,324 - INFO - Обрабатываем 34/40: ДСК
2025-08-05 20:55:10,324 - INFO - Парсим детали компании: ДСК
2025-08-05 20:55:16,308 - INFO - Найден сайт: http://dsk.vrn.ru/
2025-08-05 20:55:16,336 - INFO - Найдены соцсети: 2 шт.
2025-08-05 20:55:18,336 - INFO - Обрабатываем 35/40: ГК КВС
2025-08-05 20:55:18,336 - INFO - Парсим детали компании: ГК КВС
2025-08-05 20:55:24,327 - INFO - Найден сайт: http://kvsspb.ru/
2025-08-05 20:55:24,356 - INFO - Найдены соцсети: 1 шт.
2025-08-05 20:55:26,356 - INFO - Сохранение 40 записей в partial_fixed_35.csv
2025-08-05 20:55:26,357 - INFO - Данные сохранены в partial_fixed_35.csv
2025-08-05 20:55:26,357 - INFO - Обрабатываем 36/40: ГК КОРТРОС
2025-08-05 20:55:26,357 - INFO - Парсим детали компании: ГК КОРТРОС
2025-08-05 20:55:32,310 - INFO - Найден сайт: http://kortros.ru/
2025-08-05 20:55:32,345 - INFO - Найдены соцсети: 1 шт.
2025-08-05 20:55:34,345 - INFO - Обрабатываем 37/40: Суварстроит
2025-08-05 20:55:34,346 - INFO - Парсим детали компании: Суварстроит
2025-08-05 20:55:40,342 - INFO - Найден сайт: http://suvarstroit.ru/
2025-08-05 20:55:40,359 - INFO - Найдены соцсети: 1 шт.
2025-08-05 20:55:42,359 - INFO - Обрабатываем 38/40: ГК Первый Трест
2025-08-05 20:55:42,359 - INFO - Парсим детали компании: ГК Первый Трест
2025-08-05 20:55:48,352 - INFO - Найден сайт: http://1trest.ru/
2025-08-05 20:55:48,375 - INFO - Найдены соцсети: 2 шт.
2025-08-05 20:55:50,376 - INFO - Обрабатываем 39/40: РАЗУМ
2025-08-05 20:55:50,376 - INFO - Парсим детали компании: РАЗУМ
2025-08-05 20:55:56,326 - INFO - Найден сайт: http://razum.life/
2025-08-05 20:55:56,342 - INFO - Найдены соцсети: 1 шт.
2025-08-05 20:55:58,342 - INFO - Обрабатываем 40/40: СК 10
2025-08-05 20:55:58,342 - INFO - Парсим детали компании: СК 10
2025-08-05 20:56:04,834 - INFO - Найден сайт: http://sk10.ru/
2025-08-05 20:56:04,866 - INFO - Найдены соцсети: 2 шт.
2025-08-05 20:56:06,866 - INFO - Сохранение 40 записей в partial_fixed_40.csv
2025-08-05 20:56:06,867 - INFO - Данные сохранены в partial_fixed_40.csv
2025-08-05 20:56:06,867 - INFO - Сохранение 40 записей в top_companies_fixed.csv
2025-08-05 20:56:06,868 - INFO - Данные сохранены в top_companies_fixed.csv
2025-08-05 20:56:06,868 - INFO - Парсинг успешно завершен!
2025-08-05 20:56:06,951 - INFO - WebDriver закрыт
